🛡️ [SISTEM] Kitab rahasia .anu berhasil merasuk ke memori!
INFO: Initializing raylib 5.5
INFO: Platform backend: DESKTOP (GLFW)
INFO: Supported raylib modules:
INFO:     > rcore:..... loaded (mandatory)
INFO:     > rlgl:...... loaded (mandatory)
INFO:     > rshapes:... loaded (optional)
INFO:     > rtextures:. loaded (optional)
INFO:     > rtext:..... loaded (optional)
INFO:     > rmodels:... loaded (optional)
INFO:     > raudio:.... loaded (optional)
INFO: DISPLAY: Device initialized successfully
INFO:     > Display size: 1366 x 768
INFO:     > Screen size:  800 x 600
INFO:     > Render size:  800 x 600
INFO:     > Viewport offsets: 0, 0
INFO: GLAD: OpenGL extensions loaded successfully
INFO: GL: Supported extensions count: 234
INFO: GL: OpenGL device information:
INFO:     > Vendor:   Intel
INFO:     > Renderer: Mesa Intel(R) HD Graphics 620 (KBL GT2)
INFO:     > Version:  4.6 (Core Profile) Mesa 26.0.3-arch1.1
INFO:     > GLSL:     4.60
INFO: GL: VAO extension detected, VAO functions loaded successfully
INFO: GL: NPOT textures extension detected, full NPOT textures supported
INFO: GL: DXT compressed textures supported
INFO: GL: ETC2/EAC compressed textures supported
INFO: PLATFORM: DESKTOP (GLFW - X11): Initialized successfully
INFO: TEXTURE: [ID 1] Texture loaded successfully (1x1 | R8G8B8A8 | 1 mipmaps)
INFO: TEXTURE: [ID 1] Default texture loaded successfully
INFO: SHADER: [ID 1] Vertex shader compiled successfully
INFO: SHADER: [ID 2] Fragment shader compiled successfully
INFO: SHADER: [ID 3] Program shader loaded successfully
INFO: SHADER: [ID 3] Default shader loaded successfully
INFO: RLGL: Render batch vertex buffers loaded successfully in RAM (CPU)
INFO: RLGL: Render batch vertex buffers loaded successfully in VRAM (GPU)
INFO: RLGL: Default OpenGL state initialized successfully
INFO: TEXTURE: [ID 2] Texture loaded successfully (128x128 | GRAY_ALPHA | 1 mipmaps)
INFO: FONT: Default font loaded successfully (224 glyphs)
INFO: SYSTEM: Working Directory: /home/nabhanrp/Enki_Studio/UNUL_Compiler/unul/example/todo
INFO: TIMER: Target time per frame: 16.667 milliseconds
DEBUG: respon.aksi = 
DEBUG: Jumlah anak = 1
DEBUG: respon.aksi = 
DEBUG: Jumlah anak = 1
DEBUG: respon.aksi = 
DEBUG: Jumlah anak = 1
DEBUG: respon.aksi = 
DEBUG: Jumlah anak = 1
DEBUG: respon.aksi = 
DEBUG: Jumlah anak = 1
DEBUG: respon.aksi = 
DEBUG: Jumlah anak = 1
DEBUG: respon.aksi = 
DEBUG: Jumlah anak = 1
DEBUG: respon.aksi = 
DEBUG: Jumlah anak = 1
DEBUG: respon.aksi = 
DEBUG: Jumlah anak = 1
DEBUG: respon.aksi = 
DEBUG: Jumlah anak = 1
DEBUG: respon.aksi = 
DEBUG: Jumlah anak = 1
DEBUG: respon.aksi = 
DEBUG: Jumlah anak = 1
DEBUG: respon.aksi = 
DEBUG: Jumlah anak = 1
DEBUG: respon.aksi = 
DEBUG: Jumlah anak = 1
DEBUG: respon.aksi = 
DEBUG: Jumlah anak = 1
DEBUG: respon.aksi = 
DEBUG: Jumlah anak = 1
DEBUG: respon.aksi = 
DEBUG: Jumlah anak = 1
DEBUG: respon.aksi = 
DEBUG: Jumlah anak = 1
DEBUG: respon.aksi = 
DEBUG: Jumlah anak = 1
DEBUG: respon.aksi = 
DEBUG: Jumlah anak = 1
DEBUG: respon.aksi = 
DEBUG: Jumlah anak = 1
DEBUG: respon.aksi = 
DEBUG: Jumlah anak = 1
DEBUG: respon.aksi = 
DEBUG: Jumlah anak = 1
DEBUG: respon.aksi = 
DEBUG: Jumlah anak = 1
DEBUG: respon.aksi = 
DEBUG: Jumlah anak = 1
DEBUG: respon.aksi = 
DEBUG: Jumlah anak = 1
DEBUG: respon.aksi = 
DEBUG: Jumlah anak = 1
DEBUG: respon.aksi = 
DEBUG: Jumlah anak = 1
DEBUG: respon.aksi = 
DEBUG: Jumlah anak = 1
DEBUG: respon.aksi = 
DEBUG: Jumlah anak = 1
DEBUG: respon.aksi = 
DEBUG: Jumlah anak = 1
DEBUG: respon.aksi = 
DEBUG: Jumlah anak = 1
DEBUG: respon.aksi = 
DEBUG: Jumlah anak = 1
DEBUG: respon.aksi = 
DEBUG: Jumlah anak = 1
DEBUG: respon.aksi = 
DEBUG: Jumlah anak = 1
DEBUG: respon.aksi = 
DEBUG: Jumlah anak = 1
DEBUG: respon.aksi = 
DEBUG: Jumlah anak = 1
DEBUG: respon.aksi = 
DEBUG: Jumlah anak = 1
DEBUG: respon.aksi = 
DEBUG: Jumlah anak = 1
DEBUG: respon.aksi = 
DEBUG: Jumlah anak = 1
DEBUG: respon.aksi = 
DEBUG: Jumlah anak = 1
DEBUG: respon.aksi = 
DEBUG: Jumlah anak = 1
DEBUG: respon.aksi = 
DEBUG: Jumlah anak = 1
DEBUG: respon.aksi = 
DEBUG: Jumlah anak = 1
DEBUG: respon.aksi = 
DEBUG: Jumlah anak = 1
DEBUG: respon.aksi = 
DEBUG: Jumlah anak = 1
DEBUG: respon.aksi = 
DEBUG: Jumlah anak = 1
DEBUG: respon.aksi = 
DEBUG: Jumlah anak = 1
DEBUG: respon.aksi = 
DEBUG: Jumlah anak = 1
DEBUG: respon.aksi = 
DEBUG: Jumlah anak = 1
DEBUG: respon.aksi = 
DEBUG: Jumlah anak = 1
DEBUG: respon.aksi = 
DEBUG: Jumlah anak = 1
DEBUG: respon.aksi = 
DEBUG: Jumlah anak = 1
DEBUG: respon.aksi = 
DEBUG: Jumlah anak = 1
DEBUG: respon.aksi = 
DEBUG: Jumlah anak = 1
DEBUG: respon.aksi = 
DEBUG: Jumlah anak = 1
DEBUG: respon.aksi = 
DEBUG: Jumlah anak = 1
DEBUG: respon.aksi = 
DEBUG: Jumlah anak = 1
DEBUG: respon.aksi = 
DEBUG: Jumlah anak = 1
DEBUG: respon.aksi = 
DEBUG: Jumlah anak = 1
DEBUG: respon.aksi = 
DEBUG: Jumlah anak = 1
DEBUG: respon.aksi = 
DEBUG: Jumlah anak = 1
DEBUG: respon.aksi = 
DEBUG: Jumlah anak = 1
DEBUG: respon.aksi = 
DEBUG: Jumlah anak = 1
DEBUG: respon.aksi = 
DEBUG: Jumlah anak = 1
DEBUG: respon.aksi = 
DEBUG: Jumlah anak = 1
DEBUG: respon.aksi = 
DEBUG: Jumlah anak = 1
DEBUG: respon.aksi = 
DEBUG: Jumlah anak = 1
DEBUG: respon.aksi = 
DEBUG: Jumlah anak = 1
DEBUG: respon.aksi = 
DEBUG: Jumlah anak = 1
DEBUG: respon.aksi = 
DEBUG: Jumlah anak = 1
DEBUG: respon.aksi = 
DEBUG: Jumlah anak = 1
DEBUG: respon.aksi = 
DEBUG: Jumlah anak = 1
DEBUG: respon.aksi = 
DEBUG: Jumlah anak = 1
DEBUG: respon.aksi = 
DEBUG: Jumlah anak = 1
DEBUG: respon.aksi = 
DEBUG: Jumlah anak = 1
DEBUG: respon.aksi = 
DEBUG: Jumlah anak = 1
DEBUG: respon.aksi = 
DEBUG: Jumlah anak = 1
DEBUG: respon.aksi = 
DEBUG: Jumlah anak = 1
DEBUG: respon.aksi = 
DEBUG: Jumlah anak = 1
DEBUG: respon.aksi = 
DEBUG: Jumlah anak = 1
DEBUG: respon.aksi = 
DEBUG: Jumlah anak = 1
DEBUG: respon.aksi = 
DEBUG: Jumlah anak = 1
DEBUG: respon.aksi = 
DEBUG: Jumlah anak = 1
DEBUG: respon.aksi = 
DEBUG: Jumlah anak = 1
DEBUG: respon.aksi = 
DEBUG: Jumlah anak = 1
DEBUG: respon.aksi = 
DEBUG: Jumlah anak = 1
DEBUG: respon.aksi = 
DEBUG: Jumlah anak = 1
DEBUG: respon.aksi = 
DEBUG: Jumlah anak = 1
DEBUG: respon.aksi = 
DEBUG: Jumlah anak = 1
DEBUG: respon.aksi = 
DEBUG: Jumlah anak = 1
DEBUG: respon.aksi = 
DEBUG: Jumlah anak = 1
DEBUG: respon.aksi = 
DEBUG: Jumlah anak = 1
DEBUG: respon.aksi = 
DEBUG: Jumlah anak = 1
DEBUG: respon.aksi = 
DEBUG: Jumlah anak = 1
DEBUG: respon.aksi = 
DEBUG: Jumlah anak = 1
DEBUG: respon.aksi = 
DEBUG: Jumlah anak = 1
DEBUG: respon.aksi = 
DEBUG: Jumlah anak = 1
DEBUG: respon.aksi = 
DEBUG: Jumlah anak = 1
DEBUG: respon.aksi = 
DEBUG: Jumlah anak = 1
DEBUG: respon.aksi = 
DEBUG: Jumlah anak = 1
DEBUG: respon.aksi = 
DEBUG: Jumlah anak = 1
DEBUG: respon.aksi = 
DEBUG: Jumlah anak = 1
DEBUG: respon.aksi = 
DEBUG: Jumlah anak = 1
DEBUG: respon.aksi = 
DEBUG: Jumlah anak = 1
DEBUG: respon.aksi = 
DEBUG: Jumlah anak = 1
DEBUG: respon.aksi = 
DEBUG: Jumlah anak = 1
DEBUG: respon.aksi = 
DEBUG: Jumlah anak = 1
DEBUG: respon.aksi = 
DEBUG: Jumlah anak = 1
DEBUG: respon.aksi = 
DEBUG: Jumlah anak = 1
DEBUG: respon.aksi = 
DEBUG: Jumlah anak = 1
DEBUG: respon.aksi = 
DEBUG: Jumlah anak = 1
DEBUG: respon.aksi = 
DEBUG: Jumlah anak = 1
DEBUG: respon.aksi = 
DEBUG: Jumlah anak = 1
DEBUG: respon.aksi = 
DEBUG: Jumlah anak = 1
DEBUG: respon.aksi = 
DEBUG: Jumlah anak = 1
DEBUG: respon.aksi = 
DEBUG: Jumlah anak = 1
DEBUG: respon.aksi = 
DEBUG: Jumlah anak = 1
DEBUG: respon.aksi = 
DEBUG: Jumlah anak = 1
DEBUG: respon.aksi = 
DEBUG: Jumlah anak = 1
DEBUG: respon.aksi = 
DEBUG: Jumlah anak = 1
DEBUG: respon.aksi = 
DEBUG: Jumlah anak = 1
DEBUG: respon.aksi = 
DEBUG: Jumlah anak = 1
DEBUG: respon.aksi = 
DEBUG: Jumlah anak = 1
DEBUG: respon.aksi = 
DEBUG: Jumlah anak = 1
DEBUG: respon.aksi = 
DEBUG: Jumlah anak = 1
DEBUG: respon.aksi = 
DEBUG: Jumlah anak = 1
DEBUG: respon.aksi = 
DEBUG: Jumlah anak = 1
DEBUG: respon.aksi = 
DEBUG: Jumlah anak = 1
DEBUG: respon.aksi = 
DEBUG: Jumlah anak = 1
DEBUG: respon.aksi = 
DEBUG: Jumlah anak = 1
DEBUG: respon.aksi = 
DEBUG: Jumlah anak = 1
DEBUG: respon.aksi = 
DEBUG: Jumlah anak = 1
DEBUG: respon.aksi = 
DEBUG: Jumlah anak = 1
DEBUG: respon.aksi = 
DEBUG: Jumlah anak = 1
DEBUG: respon.aksi = 
DEBUG: Jumlah anak = 1
DEBUG: respon.aksi = 
DEBUG: Jumlah anak = 1
DEBUG: respon.aksi = 
DEBUG: Jumlah anak = 1
DEBUG: respon.aksi = 
DEBUG: Jumlah anak = 1
DEBUG: respon.aksi = 
DEBUG: Jumlah anak = 1
DEBUG: respon.aksi = 
DEBUG: Jumlah anak = 1
DEBUG: respon.aksi = 
DEBUG: Jumlah anak = 1
DEBUG: respon.aksi = 
DEBUG: Jumlah anak = 1
DEBUG: respon.aksi = 
DEBUG: Jumlah anak = 1
DEBUG: respon.aksi = 
DEBUG: Jumlah anak = 1
DEBUG: respon.aksi = 
DEBUG: Jumlah anak = 1
DEBUG: respon.aksi = 
DEBUG: Jumlah anak = 1
DEBUG: respon.aksi = 
DEBUG: Jumlah anak = 1
DEBUG: respon.aksi = 
DEBUG: Jumlah anak = 1
DEBUG: respon.aksi = 
DEBUG: Jumlah anak = 1
DEBUG: respon.aksi = 
DEBUG: Jumlah anak = 1
DEBUG: respon.aksi = 
DEBUG: Jumlah anak = 1
DEBUG: respon.aksi = 
DEBUG: Jumlah anak = 1
DEBUG: respon.aksi = 
DEBUG: Jumlah anak = 1
DEBUG: respon.aksi = 
DEBUG: Jumlah anak = 1
DEBUG: respon.aksi = 
DEBUG: Jumlah anak = 1
DEBUG: respon.aksi = 
DEBUG: Jumlah anak = 1
DEBUG: respon.aksi = 
DEBUG: Jumlah anak = 1
DEBUG: respon.aksi = 
DEBUG: Jumlah anak = 1
DEBUG: respon.aksi = 
DEBUG: Jumlah anak = 1
DEBUG: respon.aksi = 
DEBUG: Jumlah anak = 1
DEBUG: respon.aksi = 
DEBUG: Jumlah anak = 1
DEBUG: respon.aksi = 
DEBUG: Jumlah anak = 1
DEBUG: respon.aksi = 
DEBUG: Jumlah anak = 1
DEBUG: respon.aksi = 
DEBUG: Jumlah anak = 1
DEBUG: respon.aksi = 
DEBUG: Jumlah anak = 1
DEBUG: respon.aksi = 
DEBUG: Jumlah anak = 1
DEBUG: respon.aksi = 
DEBUG: Jumlah anak = 1
DEBUG: respon.aksi = 
DEBUG: Jumlah anak = 1
DEBUG: respon.aksi = 
DEBUG: Jumlah anak = 1
DEBUG: respon.aksi = 
DEBUG: Jumlah anak = 1
DEBUG: respon.aksi = 
DEBUG: Jumlah anak = 1
DEBUG: respon.aksi = 
DEBUG: Jumlah anak = 1
DEBUG: respon.aksi = 
DEBUG: Jumlah anak = 1
DEBUG: respon.aksi = 
DEBUG: Jumlah anak = 1
DEBUG: respon.aksi = 
DEBUG: Jumlah anak = 1
DEBUG: respon.aksi = 
DEBUG: Jumlah anak = 1
DEBUG: respon.aksi = 
DEBUG: Jumlah anak = 1
DEBUG: respon.aksi = 
DEBUG: Jumlah anak = 1
DEBUG: respon.aksi = 
DEBUG: Jumlah anak = 1
DEBUG: respon.aksi = 
DEBUG: Jumlah anak = 1
DEBUG: respon.aksi = 
DEBUG: Jumlah anak = 1
DEBUG: respon.aksi = 
DEBUG: Jumlah anak = 1
DEBUG: respon.aksi = 
DEBUG: Jumlah anak = 1
DEBUG: respon.aksi = 
DEBUG: Jumlah anak = 1
DEBUG: respon.aksi = 
DEBUG: Jumlah anak = 1
DEBUG: respon.aksi = 
DEBUG: Jumlah anak = 1
DEBUG: respon.aksi = 
DEBUG: Jumlah anak = 1
DEBUG: respon.aksi = 
DEBUG: Jumlah anak = 1
DEBUG: respon.aksi = 
DEBUG: Jumlah anak = 1
DEBUG: respon.aksi = 
DEBUG: Jumlah anak = 1
DEBUG: respon.aksi = 
DEBUG: Jumlah anak = 1
DEBUG: respon.aksi = 
DEBUG: Jumlah anak = 1
DEBUG: respon.aksi = 
DEBUG: Jumlah anak = 1
DEBUG: respon.aksi = 
DEBUG: Jumlah anak = 1
DEBUG: respon.aksi = 
DEBUG: Jumlah anak = 1
DEBUG: respon.aksi = 
DEBUG: Jumlah anak = 1
DEBUG: respon.aksi = 
DEBUG: Jumlah anak = 1
DEBUG: respon.aksi = 
DEBUG: Jumlah anak = 1
DEBUG: respon.aksi = 
DEBUG: Jumlah anak = 1
DEBUG: respon.aksi = 
DEBUG: Jumlah anak = 1
DEBUG: respon.aksi = 
DEBUG: Jumlah anak = 1
DEBUG: respon.aksi = 
DEBUG: Jumlah anak = 1
DEBUG: respon.aksi = 
DEBUG: Jumlah anak = 1
DEBUG: respon.aksi = 
DEBUG: Jumlah anak = 1
DEBUG: respon.aksi = 
DEBUG: Jumlah anak = 1
DEBUG: respon.aksi = 
DEBUG: Jumlah anak = 1
DEBUG: respon.aksi = 
DEBUG: Jumlah anak = 1
DEBUG: respon.aksi = 
DEBUG: Jumlah anak = 1
DEBUG: respon.aksi = 
DEBUG: Jumlah anak = 1
DEBUG: respon.aksi = 
DEBUG: Jumlah anak = 1
DEBUG: respon.aksi = 
DEBUG: Jumlah anak = 1
DEBUG: respon.aksi = 
DEBUG: Jumlah anak = 1
DEBUG: respon.aksi = 
DEBUG: Jumlah anak = 1
DEBUG: respon.aksi = 
DEBUG: Jumlah anak = 1
DEBUG: respon.aksi = 
DEBUG: Jumlah anak = 1
DEBUG: respon.aksi = 
DEBUG: Jumlah anak = 1
DEBUG: respon.aksi = 
DEBUG: Jumlah anak = 1
DEBUG: respon.aksi = 
DEBUG: Jumlah anak = 1
DEBUG: respon.aksi = 
DEBUG: Jumlah anak = 1
DEBUG: respon.aksi = 
DEBUG: Jumlah anak = 1
DEBUG: respon.aksi = 
DEBUG: Jumlah anak = 1
DEBUG: respon.aksi = 
DEBUG: Jumlah anak = 1
DEBUG: respon.aksi = 
DEBUG: Jumlah anak = 1
DEBUG: respon.aksi = 
DEBUG: Jumlah anak = 1
DEBUG: respon.aksi = 
DEBUG: Jumlah anak = 1
DEBUG: respon.aksi = 
DEBUG: Jumlah anak = 1
DEBUG: respon.aksi = 
DEBUG: Jumlah anak = 1
DEBUG: respon.aksi = 
DEBUG: Jumlah anak = 1
DEBUG: respon.aksi = 
DEBUG: Jumlah anak = 1
DEBUG: respon.aksi = 
DEBUG: Jumlah anak = 1
DEBUG: respon.aksi = 
DEBUG: Jumlah anak = 1
DEBUG: respon.aksi = 
DEBUG: Jumlah anak = 1
DEBUG: respon.aksi = 
DEBUG: Jumlah anak = 1
DEBUG: respon.aksi = 
DEBUG: Jumlah anak = 1
DEBUG: respon.aksi = 
DEBUG: Jumlah anak = 1
DEBUG: respon.aksi = 
DEBUG: Jumlah anak = 1
DEBUG: respon.aksi = 
DEBUG: Jumlah anak = 1
DEBUG: respon.aksi = 
DEBUG: Jumlah anak = 1
DEBUG: respon.aksi = 
DEBUG: Jumlah anak = 1
DEBUG: respon.aksi = 
DEBUG: Jumlah anak = 1
DEBUG: respon.aksi = 
DEBUG: Jumlah anak = 1
DEBUG: respon.aksi = 
DEBUG: Jumlah anak = 1
DEBUG: respon.aksi = 
DEBUG: Jumlah anak = 1
DEBUG: respon.aksi = 
DEBUG: Jumlah anak = 1
DEBUG: respon.aksi = 
DEBUG: Jumlah anak = 1
DEBUG: respon.aksi = 
DEBUG: Jumlah anak = 1
DEBUG: respon.aksi = 
DEBUG: Jumlah anak = 1
DEBUG: respon.aksi = 
DEBUG: Jumlah anak = 1
DEBUG: respon.aksi = 
DEBUG: Jumlah anak = 1
DEBUG: respon.aksi = 
DEBUG: Jumlah anak = 1
DEBUG: respon.aksi = 
DEBUG: Jumlah anak = 1
DEBUG: respon.aksi = 
DEBUG: Jumlah anak = 1
DEBUG: respon.aksi = 
DEBUG: Jumlah anak = 1
DEBUG: respon.aksi = 
DEBUG: Jumlah anak = 1
DEBUG: respon.aksi = 
DEBUG: Jumlah anak = 1
DEBUG: respon.aksi = 
DEBUG: Jumlah anak = 1
DEBUG: respon.aksi = 
DEBUG: Jumlah anak = 1
DEBUG: respon.aksi = 
DEBUG: Jumlah anak = 1
DEBUG: respon.aksi = 
DEBUG: Jumlah anak = 1
DEBUG: respon.aksi = 
DEBUG: Jumlah anak = 1
DEBUG: respon.aksi = 
DEBUG: Jumlah anak = 1
DEBUG: respon.aksi = 
DEBUG: Jumlah anak = 1
DEBUG: respon.aksi = 
DEBUG: Jumlah anak = 1
DEBUG: respon.aksi = 
DEBUG: Jumlah anak = 1
DEBUG: respon.aksi = 
DEBUG: Jumlah anak = 1
DEBUG: respon.aksi = 
DEBUG: Jumlah anak = 1
DEBUG: respon.aksi = 
DEBUG: Jumlah anak = 1
DEBUG: respon.aksi = 
DEBUG: Jumlah anak = 1
DEBUG: respon.aksi = 
DEBUG: Jumlah anak = 1
DEBUG: respon.aksi = 
DEBUG: Jumlah anak = 1
DEBUG: respon.aksi = 
DEBUG: Jumlah anak = 1
DEBUG: respon.aksi = 
DEBUG: Jumlah anak = 1
DEBUG: respon.aksi = 
DEBUG: Jumlah anak = 1
DEBUG: respon.aksi = 
DEBUG: Jumlah anak = 1
DEBUG: respon.aksi = 
DEBUG: Jumlah anak = 1
DEBUG: respon.aksi = 
DEBUG: Jumlah anak = 1
DEBUG: respon.aksi = 
DEBUG: Jumlah anak = 1
DEBUG: respon.aksi = 
DEBUG: Jumlah anak = 1
DEBUG: respon.aksi = 
DEBUG: Jumlah anak = 1
DEBUG: respon.aksi = 
DEBUG: Jumlah anak = 1
DEBUG: respon.aksi = 
DEBUG: Jumlah anak = 1
DEBUG: respon.aksi = 
DEBUG: Jumlah anak = 1
DEBUG: respon.aksi = 
DEBUG: Jumlah anak = 1
DEBUG: respon.aksi = 
DEBUG: Jumlah anak = 1
DEBUG: respon.aksi = 
DEBUG: Jumlah anak = 1
DEBUG: respon.aksi = 
DEBUG: Jumlah anak = 1
DEBUG: respon.aksi = 
DEBUG: Jumlah anak = 1
DEBUG: respon.aksi = 
DEBUG: Jumlah anak = 1
DEBUG: respon.aksi = 
DEBUG: Jumlah anak = 1
DEBUG: respon.aksi = 
DEBUG: Jumlah anak = 1
DEBUG: respon.aksi = 
DEBUG: Jumlah anak = 1
DEBUG: respon.aksi = 
DEBUG: Jumlah anak = 1
DEBUG: respon.aksi = 
DEBUG: Jumlah anak = 1
DEBUG: respon.aksi = 
DEBUG: Jumlah anak = 1
DEBUG: respon.aksi = 
DEBUG: Jumlah anak = 1
DEBUG: respon.aksi = 
DEBUG: Jumlah anak = 1
DEBUG: respon.aksi = 
DEBUG: Jumlah anak = 1
DEBUG: respon.aksi = 
DEBUG: Jumlah anak = 1
DEBUG: respon.aksi = 
DEBUG: Jumlah anak = 1
DEBUG: respon.aksi = 
DEBUG: Jumlah anak = 1
DEBUG: respon.aksi = 
DEBUG: Jumlah anak = 1
DEBUG: respon.aksi = 
DEBUG: Jumlah anak = 1
DEBUG: respon.aksi = 
DEBUG: Jumlah anak = 1
DEBUG: respon.aksi = 
DEBUG: Jumlah anak = 1
DEBUG: respon.aksi = 
DEBUG: Jumlah anak = 1
DEBUG: respon.aksi = 
DEBUG: Jumlah anak = 1
DEBUG: respon.aksi = 
DEBUG: Jumlah anak = 1
DEBUG: respon.aksi = 
DEBUG: Jumlah anak = 1
DEBUG: respon.aksi = 
DEBUG: Jumlah anak = 1
DEBUG: respon.aksi = 
DEBUG: Jumlah anak = 1
DEBUG: respon.aksi = 
DEBUG: Jumlah anak = 1
DEBUG: respon.aksi = 
DEBUG: Jumlah anak = 1
DEBUG: respon.aksi = 
DEBUG: Jumlah anak = 1
DEBUG: respon.aksi = 
DEBUG: Jumlah anak = 1
DEBUG: respon.aksi = 
DEBUG: Jumlah anak = 1
DEBUG: respon.aksi = 
DEBUG: Jumlah anak = 1
DEBUG: respon.aksi = 
DEBUG: Jumlah anak = 1
DEBUG: respon.aksi = 
DEBUG: Jumlah anak = 1
DEBUG: respon.aksi = 
DEBUG: Jumlah anak = 1
DEBUG: respon.aksi = 
DEBUG: Jumlah anak = 1
DEBUG: respon.aksi = 
DEBUG: Jumlah anak = 1
DEBUG: respon.aksi = 
DEBUG: Jumlah anak = 1
DEBUG: respon.aksi = 
DEBUG: Jumlah anak = 1
DEBUG: respon.aksi = 
DEBUG: Jumlah anak = 1
DEBUG: respon.aksi = 
DEBUG: Jumlah anak = 1
DEBUG: respon.aksi = 
DEBUG: Jumlah anak = 1
DEBUG: respon.aksi = 
DEBUG: Jumlah anak = 1
DEBUG: respon.aksi = 
DEBUG: Jumlah anak = 1
DEBUG: respon.aksi = 
DEBUG: Jumlah anak = 1
DEBUG: respon.aksi = 
DEBUG: Jumlah anak = 1
DEBUG: respon.aksi = 
DEBUG: Jumlah anak = 1
DEBUG: respon.aksi = 
DEBUG: Jumlah anak = 1
DEBUG: respon.aksi = 
DEBUG: Jumlah anak = 1
DEBUG: respon.aksi = 
DEBUG: Jumlah anak = 1
DEBUG: respon.aksi = 
DEBUG: Jumlah anak = 1
DEBUG: respon.aksi = 
DEBUG: Jumlah anak = 1
DEBUG: respon.aksi = 
DEBUG: Jumlah anak = 1
DEBUG: respon.aksi = 
DEBUG: Jumlah anak = 1
DEBUG: respon.aksi = 
DEBUG: Jumlah anak = 1
DEBUG: respon.aksi = 
DEBUG: Jumlah anak = 1
DEBUG: respon.aksi = 
DEBUG: Jumlah anak = 1
DEBUG: respon.aksi = 
DEBUG: Jumlah anak = 1
DEBUG: respon.aksi = 
DEBUG: Jumlah anak = 1
DEBUG: respon.aksi = 
DEBUG: Jumlah anak = 1
DEBUG: respon.aksi = 
DEBUG: Jumlah anak = 1
DEBUG: respon.aksi = 
DEBUG: Jumlah anak = 1
DEBUG: respon.aksi = 
DEBUG: Jumlah anak = 1
DEBUG: respon.aksi = 
DEBUG: Jumlah anak = 1
DEBUG: respon.aksi = 
DEBUG: Jumlah anak = 1
DEBUG: respon.aksi = 
DEBUG: Jumlah anak = 1
DEBUG: respon.aksi = 
DEBUG: Jumlah anak = 1
DEBUG: respon.aksi = 
DEBUG: Jumlah anak = 1
DEBUG: respon.aksi = 
DEBUG: Jumlah anak = 1
DEBUG: respon.aksi = 
DEBUG: Jumlah anak = 1
DEBUG: respon.aksi = 
DEBUG: Jumlah anak = 1
DEBUG: respon.aksi = 
DEBUG: Jumlah anak = 1
DEBUG: respon.aksi = 
DEBUG: Jumlah anak = 1
DEBUG: respon.aksi = 
DEBUG: Jumlah anak = 1
DEBUG: respon.aksi = 
DEBUG: Jumlah anak = 1
DEBUG: respon.aksi = 
DEBUG: Jumlah anak = 1
DEBUG: respon.aksi = 
DEBUG: Jumlah anak = 1
DEBUG: respon.aksi = 
DEBUG: Jumlah anak = 1
DEBUG: respon.aksi = 
DEBUG: Jumlah anak = 1
DEBUG: respon.aksi = 
DEBUG: Jumlah anak = 1
DEBUG: respon.aksi = 
DEBUG: Jumlah anak = 1
DEBUG: respon.aksi = 
DEBUG: Jumlah anak = 1
DEBUG: respon.aksi = 
DEBUG: Jumlah anak = 1
DEBUG: respon.aksi = 
DEBUG: Jumlah anak = 1
DEBUG: respon.aksi = 
DEBUG: Jumlah anak = 1
DEBUG: respon.aksi = 
DEBUG: Jumlah anak = 1
DEBUG: respon.aksi = 
DEBUG: Jumlah anak = 1
DEBUG: respon.aksi = 
DEBUG: Jumlah anak = 1
DEBUG: respon.aksi = 
DEBUG: Jumlah anak = 1
DEBUG: respon.aksi = 
DEBUG: Jumlah anak = 1
DEBUG: respon.aksi = 
DEBUG: Jumlah anak = 1
DEBUG: respon.aksi = 
DEBUG: Jumlah anak = 1
DEBUG: respon.aksi = 
DEBUG: Jumlah anak = 1
DEBUG: respon.aksi = 
DEBUG: Jumlah anak = 1
DEBUG: respon.aksi = 
DEBUG: Jumlah anak = 1
DEBUG: respon.aksi = 
DEBUG: Jumlah anak = 1
DEBUG: respon.aksi = 
DEBUG: Jumlah anak = 1
DEBUG: respon.aksi = 
DEBUG: Jumlah anak = 1
DEBUG: respon.aksi = 
DEBUG: Jumlah anak = 1
DEBUG: respon.aksi = 
DEBUG: Jumlah anak = 1
DEBUG: respon.aksi = 
DEBUG: Jumlah anak = 1
DEBUG: respon.aksi = 
DEBUG: Jumlah anak = 1
DEBUG: respon.aksi = 
DEBUG: Jumlah anak = 1
DEBUG: respon.aksi = 
DEBUG: Jumlah anak = 1
DEBUG: respon.aksi = 
DEBUG: Jumlah anak = 1
DEBUG: respon.aksi = 
DEBUG: Jumlah anak = 1
DEBUG: respon.aksi = 
DEBUG: Jumlah anak = 1
DEBUG: respon.aksi = 
DEBUG: Jumlah anak = 1
DEBUG: respon.aksi = 
DEBUG: Jumlah anak = 1
DEBUG: respon.aksi = 
DEBUG: Jumlah anak = 1
DEBUG: respon.aksi = 
DEBUG: Jumlah anak = 1
DEBUG: respon.aksi = 
DEBUG: Jumlah anak = 1
DEBUG: respon.aksi = 
DEBUG: Jumlah anak = 1
DEBUG: respon.aksi = 
DEBUG: Jumlah anak = 1
DEBUG: respon.aksi = 
DEBUG: Jumlah anak = 1
DEBUG: respon.aksi = 
DEBUG: Jumlah anak = 1
DEBUG: respon.aksi = 
DEBUG: Jumlah anak = 1
DEBUG: respon.aksi = 
DEBUG: Jumlah anak = 1
DEBUG: respon.aksi = 
DEBUG: Jumlah anak = 1
DEBUG: respon.aksi = 
DEBUG: Jumlah anak = 1
DEBUG: respon.aksi = 
DEBUG: Jumlah anak = 1
DEBUG: respon.aksi = 
DEBUG: Jumlah anak = 1
DEBUG: respon.aksi = 
DEBUG: Jumlah anak = 1
DEBUG: respon.aksi = 
DEBUG: Jumlah anak = 1
DEBUG: respon.aksi = 
DEBUG: Jumlah anak = 1
DEBUG: respon.aksi = 
DEBUG: Jumlah anak = 1
DEBUG: respon.aksi = 
DEBUG: Jumlah anak = 1
DEBUG: respon.aksi = 
DEBUG: Jumlah anak = 1
DEBUG: respon.aksi = 
DEBUG: Jumlah anak = 1
DEBUG: respon.aksi = 
DEBUG: Jumlah anak = 1
DEBUG: respon.aksi = 
DEBUG: Jumlah anak = 1
DEBUG: respon.aksi = 
DEBUG: Jumlah anak = 1
DEBUG: respon.aksi = 
DEBUG: Jumlah anak = 1
DEBUG: respon.aksi = 
DEBUG: Jumlah anak = 1
DEBUG: respon.aksi = 
DEBUG: Jumlah anak = 1
DEBUG: respon.aksi = 
DEBUG: Jumlah anak = 1
DEBUG: respon.aksi = 
DEBUG: Jumlah anak = 1
DEBUG: respon.aksi = 
DEBUG: Jumlah anak = 1
DEBUG: respon.aksi = 
DEBUG: Jumlah anak = 1
DEBUG: respon.aksi = 
DEBUG: Jumlah anak = 1
DEBUG: respon.aksi = 
DEBUG: Jumlah anak = 1
DEBUG: respon.aksi = 
DEBUG: Jumlah anak = 1
DEBUG: respon.aksi = 
DEBUG: Jumlah anak = 1
DEBUG: respon.aksi = 
DEBUG: Jumlah anak = 1
DEBUG: respon.aksi = 
DEBUG: Jumlah anak = 1
DEBUG: respon.aksi = 
DEBUG: Jumlah anak = 1
DEBUG: respon.aksi = 
DEBUG: Jumlah anak = 1
DEBUG: respon.aksi = 
DEBUG: Jumlah anak = 1
DEBUG: respon.aksi = 
DEBUG: Jumlah anak = 1
DEBUG: respon.aksi = 
DEBUG: Jumlah anak = 1
DEBUG: respon.aksi = 
DEBUG: Jumlah anak = 1
DEBUG: respon.aksi = 
DEBUG: Jumlah anak = 1
DEBUG: respon.aksi = 
DEBUG: Jumlah anak = 1
DEBUG: respon.aksi = 
DEBUG: Jumlah anak = 1
DEBUG: respon.aksi = 
DEBUG: Jumlah anak = 1
DEBUG: respon.aksi = 
DEBUG: Jumlah anak = 1
DEBUG: respon.aksi = 
DEBUG: Jumlah anak = 1
DEBUG: respon.aksi = 
DEBUG: Jumlah anak = 1
DEBUG: respon.aksi = 
DEBUG: Jumlah anak = 1
DEBUG: respon.aksi = 
DEBUG: Jumlah anak = 1
DEBUG: respon.aksi = 
DEBUG: Jumlah anak = 1
DEBUG: respon.aksi = 
DEBUG: Jumlah anak = 1
DEBUG: respon.aksi = 
DEBUG: Jumlah anak = 1
DEBUG: respon.aksi = 
DEBUG: Jumlah anak = 1
DEBUG: respon.aksi = 
DEBUG: Jumlah anak = 1
DEBUG: respon.aksi = 
DEBUG: Jumlah anak = 1
DEBUG: respon.aksi = 
DEBUG: Jumlah anak = 1
DEBUG: respon.aksi = 
DEBUG: Jumlah anak = 1
DEBUG: respon.aksi = 
DEBUG: Jumlah anak = 1
DEBUG: respon.aksi = 
DEBUG: Jumlah anak = 1
DEBUG: respon.aksi = 
DEBUG: Jumlah anak = 1
DEBUG: respon.aksi = 
DEBUG: Jumlah anak = 1
DEBUG: respon.aksi = 
DEBUG: Jumlah anak = 1
DEBUG: respon.aksi = 
DEBUG: Jumlah anak = 1
DEBUG: respon.aksi = 
DEBUG: Jumlah anak = 1
DEBUG: respon.aksi = 
DEBUG: Jumlah anak = 1
DEBUG: respon.aksi = 
DEBUG: Jumlah anak = 1
DEBUG: respon.aksi = 
DEBUG: Jumlah anak = 1
DEBUG: respon.aksi = 
DEBUG: Jumlah anak = 1
DEBUG: respon.aksi = 
DEBUG: Jumlah anak = 1
DEBUG: respon.aksi = 
DEBUG: Jumlah anak = 1
DEBUG: respon.aksi = 
DEBUG: Jumlah anak = 1
DEBUG: respon.aksi = 
DEBUG: Jumlah anak = 1
DEBUG: respon.aksi = 
DEBUG: Jumlah anak = 1
DEBUG: respon.aksi = 
DEBUG: Jumlah anak = 1
DEBUG: respon.aksi = 
DEBUG: Jumlah anak = 1
DEBUG: respon.aksi = 
DEBUG: Jumlah anak = 1
DEBUG: respon.aksi = 
DEBUG: Jumlah anak = 1
DEBUG: respon.aksi = 
DEBUG: Jumlah anak = 1
DEBUG: respon.aksi = 
DEBUG: Jumlah anak = 1
DEBUG: respon.aksi = 
DEBUG: Jumlah anak = 1
DEBUG: respon.aksi = 
DEBUG: Jumlah anak = 1
DEBUG: respon.aksi = 
DEBUG: Jumlah anak = 1
DEBUG: respon.aksi = 
DEBUG: Jumlah anak = 1
DEBUG: respon.aksi = 
DEBUG: Jumlah anak = 1
DEBUG: respon.aksi = 
DEBUG: Jumlah anak = 1
DEBUG: respon.aksi = 
DEBUG: Jumlah anak = 1
DEBUG: respon.aksi = 
DEBUG: Jumlah anak = 1
DEBUG: respon.aksi = 
DEBUG: Jumlah anak = 1
DEBUG: respon.aksi = 
DEBUG: Jumlah anak = 1
DEBUG: respon.aksi = 
DEBUG: Jumlah anak = 1
DEBUG: respon.aksi = 
DEBUG: Jumlah anak = 1
DEBUG: respon.aksi = 
DEBUG: Jumlah anak = 1
DEBUG: respon.aksi = 
DEBUG: Jumlah anak = 1
DEBUG: respon.aksi = 
DEBUG: Jumlah anak = 1
DEBUG: respon.aksi = 
DEBUG: Jumlah anak = 1
DEBUG: respon.aksi = 
DEBUG: Jumlah anak = 1
DEBUG: respon.aksi = 
DEBUG: Jumlah anak = 1
DEBUG: respon.aksi = 
DEBUG: Jumlah anak = 1
DEBUG: respon.aksi = 
DEBUG: Jumlah anak = 1
DEBUG: respon.aksi = 
DEBUG: Jumlah anak = 1
DEBUG: respon.aksi = 
DEBUG: Jumlah anak = 1
DEBUG: respon.aksi = 
DEBUG: Jumlah anak = 1
DEBUG: respon.aksi = 
DEBUG: Jumlah anak = 1
DEBUG: respon.aksi = 
DEBUG: Jumlah anak = 1
DEBUG: respon.aksi = 
DEBUG: Jumlah anak = 1
DEBUG: respon.aksi = 
DEBUG: Jumlah anak = 1
DEBUG: respon.aksi = 
DEBUG: Jumlah anak = 1
DEBUG: respon.aksi = 
DEBUG: Jumlah anak = 1
DEBUG: respon.aksi = 
DEBUG: Jumlah anak = 1
DEBUG: respon.aksi = 
DEBUG: Jumlah anak = 1
DEBUG: respon.aksi = 
DEBUG: Jumlah anak = 1
DEBUG: respon.aksi = 
DEBUG: Jumlah anak = 1
DEBUG: respon.aksi = 
DEBUG: Jumlah anak = 1
DEBUG: respon.aksi = 
DEBUG: Jumlah anak = 1
DEBUG: respon.aksi = 
DEBUG: Jumlah anak = 1
DEBUG: respon.aksi = 
DEBUG: Jumlah anak = 1
DEBUG: respon.aksi = 
DEBUG: Jumlah anak = 1
DEBUG: respon.aksi = 
DEBUG: Jumlah anak = 1
DEBUG: respon.aksi = 
DEBUG: Jumlah anak = 1
DEBUG: respon.aksi = 
DEBUG: Jumlah anak = 1
DEBUG: respon.aksi = 
DEBUG: Jumlah anak = 1
DEBUG: respon.aksi = 
DEBUG: Jumlah anak = 1
DEBUG: respon.aksi = 
DEBUG: Jumlah anak = 1
DEBUG: respon.aksi = 
DEBUG: Jumlah anak = 1
DEBUG: respon.aksi = 
DEBUG: Jumlah anak = 1
DEBUG: respon.aksi = 
DEBUG: Jumlah anak = 1
DEBUG: respon.aksi = 
DEBUG: Jumlah anak = 1
DEBUG: respon.aksi = 
DEBUG: Jumlah anak = 1
DEBUG: respon.aksi = 
DEBUG: Jumlah anak = 1
DEBUG: respon.aksi = 
DEBUG: Jumlah anak = 1
DEBUG: respon.aksi = 
DEBUG: Jumlah anak = 1
DEBUG: respon.aksi = 
DEBUG: Jumlah anak = 1
DEBUG: respon.aksi = 
DEBUG: Jumlah anak = 1
DEBUG: respon.aksi = 
DEBUG: Jumlah anak = 1
DEBUG: respon.aksi = 
DEBUG: Jumlah anak = 1
DEBUG: respon.aksi = 
DEBUG: Jumlah anak = 1
DEBUG: respon.aksi = 
DEBUG: Jumlah anak = 1
DEBUG: respon.aksi = 
DEBUG: Jumlah anak = 1
DEBUG: respon.aksi = 
DEBUG: Jumlah anak = 1
DEBUG: respon.aksi = 
DEBUG: Jumlah anak = 1
DEBUG: respon.aksi = 
DEBUG: Jumlah anak = 1
DEBUG: respon.aksi = 
DEBUG: Jumlah anak = 1
DEBUG: respon.aksi = 
DEBUG: Jumlah anak = 1
DEBUG: respon.aksi = 
DEBUG: Jumlah anak = 1
DEBUG: respon.aksi = 
DEBUG: Jumlah anak = 1
DEBUG: respon.aksi = 
DEBUG: Jumlah anak = 1
DEBUG: respon.aksi = 
DEBUG: Jumlah anak = 1
DEBUG: respon.aksi = 
DEBUG: Jumlah anak = 1
DEBUG: respon.aksi = 
DEBUG: Jumlah anak = 1
DEBUG: respon.aksi = 
DEBUG: Jumlah anak = 1
DEBUG: respon.aksi = 
DEBUG: Jumlah anak = 1
DEBUG: respon.aksi = 
DEBUG: Jumlah anak = 1
DEBUG: respon.aksi = 
DEBUG: Jumlah anak = 1
DEBUG: respon.aksi = 
DEBUG: Jumlah anak = 1
DEBUG: respon.aksi = btn_daftar
DEBUG: Jumlah anak = 1
🚨 TOLAK: Nama tidak boleh kosong!
DEBUG: respon.aksi = 
DEBUG: Jumlah anak = 1
DEBUG: respon.aksi = 
DEBUG: Jumlah anak = 1
DEBUG: respon.aksi = 
DEBUG: Jumlah anak = 1
DEBUG: respon.aksi = 
DEBUG: Jumlah anak = 1
DEBUG: respon.aksi = 
DEBUG: Jumlah anak = 1
DEBUG: respon.aksi = 
DEBUG: Jumlah anak = 1
DEBUG: respon.aksi = 
DEBUG: Jumlah anak = 1
DEBUG: respon.aksi = 
DEBUG: Jumlah anak = 1
DEBUG: respon.aksi = 
DEBUG: Jumlah anak = 1
DEBUG: respon.aksi = 
DEBUG: Jumlah anak = 1
DEBUG: respon.aksi = 
DEBUG: Jumlah anak = 1
DEBUG: respon.aksi = 
DEBUG: Jumlah anak = 1
DEBUG: respon.aksi = 
DEBUG: Jumlah anak = 1
DEBUG: respon.aksi = 
DEBUG: Jumlah anak = 1
DEBUG: respon.aksi = 
DEBUG: Jumlah anak = 1
DEBUG: respon.aksi = 
DEBUG: Jumlah anak = 1
DEBUG: respon.aksi = 
DEBUG: Jumlah anak = 1
DEBUG: respon.aksi = 
DEBUG: Jumlah anak = 1
DEBUG: respon.aksi = 
DEBUG: Jumlah anak = 1
DEBUG: respon.aksi = 
DEBUG: Jumlah anak = 1
DEBUG: respon.aksi = 
DEBUG: Jumlah anak = 1
DEBUG: respon.aksi = 
DEBUG: Jumlah anak = 1
DEBUG: respon.aksi = 
DEBUG: Jumlah anak = 1
DEBUG: respon.aksi = 
DEBUG: Jumlah anak = 1
DEBUG: respon.aksi = 
DEBUG: Jumlah anak = 1
DEBUG: respon.aksi = 
DEBUG: Jumlah anak = 1
DEBUG: respon.aksi = 
DEBUG: Jumlah anak = 1
DEBUG: respon.aksi = 
DEBUG: Jumlah anak = 1
DEBUG: respon.aksi = 
DEBUG: Jumlah anak = 1
DEBUG: respon.aksi = 
DEBUG: Jumlah anak = 1
DEBUG: respon.aksi = 
DEBUG: Jumlah anak = 1
DEBUG: respon.aksi = 
DEBUG: Jumlah anak = 1
DEBUG: respon.aksi = 
DEBUG: Jumlah anak = 1
DEBUG: respon.aksi = 
DEBUG: Jumlah anak = 1
DEBUG: respon.aksi = 
DEBUG: Jumlah anak = 1
DEBUG: respon.aksi = 
DEBUG: Jumlah anak = 1
DEBUG: respon.aksi = 
DEBUG: Jumlah anak = 1
DEBUG: respon.aksi = btn_daftar
DEBUG: Jumlah anak = 1
🚨 TOLAK: Nama tidak boleh kosong!
DEBUG: respon.aksi = 
DEBUG: Jumlah anak = 1
DEBUG: respon.aksi = 
DEBUG: Jumlah anak = 1
DEBUG: respon.aksi = 
DEBUG: Jumlah anak = 1
DEBUG: respon.aksi = 
DEBUG: Jumlah anak = 1
DEBUG: respon.aksi = 
DEBUG: Jumlah anak = 1
DEBUG: respon.aksi = 
DEBUG: Jumlah anak = 1
DEBUG: respon.aksi = 
DEBUG: Jumlah anak = 1
DEBUG: respon.aksi = 
DEBUG: Jumlah anak = 1
DEBUG: respon.aksi = 
DEBUG: Jumlah anak = 1
DEBUG: respon.aksi = 
DEBUG: Jumlah anak = 1
DEBUG: respon.aksi = 
DEBUG: Jumlah anak = 1
DEBUG: respon.aksi = 
DEBUG: Jumlah anak = 1
DEBUG: respon.aksi = 
DEBUG: Jumlah anak = 1
DEBUG: respon.aksi = 
DEBUG: Jumlah anak = 1
DEBUG: respon.aksi = 
DEBUG: Jumlah anak = 1
DEBUG: respon.aksi = 
DEBUG: Jumlah anak = 1
DEBUG: respon.aksi = 
DEBUG: Jumlah anak = 1
DEBUG: respon.aksi = 
DEBUG: Jumlah anak = 1
DEBUG: respon.aksi = 
DEBUG: Jumlah anak = 1
DEBUG: respon.aksi = 
DEBUG: Jumlah anak = 1
DEBUG: respon.aksi = 
DEBUG: Jumlah anak = 1
DEBUG: respon.aksi = 
DEBUG: Jumlah anak = 1
DEBUG: respon.aksi = 
DEBUG: Jumlah anak = 1
DEBUG: respon.aksi = btn_daftar
DEBUG: Jumlah anak = 1
🚨 TOLAK: Nama tidak boleh kosong!
DEBUG: respon.aksi = 
DEBUG: Jumlah anak = 1
DEBUG: respon.aksi = 
DEBUG: Jumlah anak = 1
DEBUG: respon.aksi = 
DEBUG: Jumlah anak = 1
DEBUG: respon.aksi = 
DEBUG: Jumlah anak = 1
DEBUG: respon.aksi = 
DEBUG: Jumlah anak = 1
DEBUG: respon.aksi = 
DEBUG: Jumlah anak = 1
DEBUG: respon.aksi = 
DEBUG: Jumlah anak = 1
DEBUG: respon.aksi = 
DEBUG: Jumlah anak = 1
DEBUG: respon.aksi = 
DEBUG: Jumlah anak = 1
DEBUG: respon.aksi = 
DEBUG: Jumlah anak = 1
DEBUG: respon.aksi = 
DEBUG: Jumlah anak = 1
DEBUG: respon.aksi = 
DEBUG: Jumlah anak = 1
DEBUG: respon.aksi = 
DEBUG: Jumlah anak = 1
DEBUG: respon.aksi = 
DEBUG: Jumlah anak = 1
DEBUG: respon.aksi = 
DEBUG: Jumlah anak = 1
DEBUG: respon.aksi = 
DEBUG: Jumlah anak = 1
DEBUG: respon.aksi = 
DEBUG: Jumlah anak = 1
DEBUG: respon.aksi = 
DEBUG: Jumlah anak = 1
DEBUG: respon.aksi = 
DEBUG: Jumlah anak = 1
DEBUG: respon.aksi = 
DEBUG: Jumlah anak = 1
DEBUG: respon.aksi = 
DEBUG: Jumlah anak = 1
DEBUG: respon.aksi = 
DEBUG: Jumlah anak = 1
DEBUG: respon.aksi = 
DEBUG: Jumlah anak = 1
DEBUG: respon.aksi = 
DEBUG: Jumlah anak = 1
DEBUG: respon.aksi = 
DEBUG: Jumlah anak = 1
DEBUG: respon.aksi = 
DEBUG: Jumlah anak = 1
DEBUG: respon.aksi = 
DEBUG: Jumlah anak = 1
DEBUG: respon.aksi = 
DEBUG: Jumlah anak = 1
DEBUG: respon.aksi = 
DEBUG: Jumlah anak = 1
DEBUG: respon.aksi = 
DEBUG: Jumlah anak = 1
DEBUG: respon.aksi = 
DEBUG: Jumlah anak = 1
DEBUG: respon.aksi = 
DEBUG: Jumlah anak = 1
DEBUG: respon.aksi = 
DEBUG: Jumlah anak = 1
DEBUG: respon.aksi = 
DEBUG: Jumlah anak = 1
DEBUG: respon.aksi = 
DEBUG: Jumlah anak = 1
DEBUG: respon.aksi = 
DEBUG: Jumlah anak = 1
DEBUG: respon.aksi = 
DEBUG: Jumlah anak = 1
DEBUG: respon.aksi = 
DEBUG: Jumlah anak = 1
DEBUG: respon.aksi = 
DEBUG: Jumlah anak = 1
DEBUG: respon.aksi = 
DEBUG: Jumlah anak = 1
DEBUG: respon.aksi = 
DEBUG: Jumlah anak = 1
DEBUG: respon.aksi = 
DEBUG: Jumlah anak = 1
DEBUG: respon.aksi = 
DEBUG: Jumlah anak = 1
DEBUG: respon.aksi = 
DEBUG: Jumlah anak = 1
DEBUG: respon.aksi = 
DEBUG: Jumlah anak = 1
DEBUG: respon.aksi = 
DEBUG: Jumlah anak = 1
DEBUG: respon.aksi = 
DEBUG: Jumlah anak = 1
DEBUG: respon.aksi = 
DEBUG: Jumlah anak = 1
DEBUG: respon.aksi = 
DEBUG: Jumlah anak = 1
DEBUG: respon.aksi = 
DEBUG: Jumlah anak = 1
DEBUG: respon.aksi = 
DEBUG: Jumlah anak = 1
DEBUG: respon.aksi = 
DEBUG: Jumlah anak = 1
DEBUG: respon.aksi = 
DEBUG: Jumlah anak = 1
DEBUG: respon.aksi = 
DEBUG: Jumlah anak = 1
DEBUG: respon.aksi = 
DEBUG: Jumlah anak = 1
DEBUG: respon.aksi = 
DEBUG: Jumlah anak = 1
DEBUG: respon.aksi = 
DEBUG: Jumlah anak = 1
DEBUG: respon.aksi = 
DEBUG: Jumlah anak = 1
DEBUG: respon.aksi = 
DEBUG: Jumlah anak = 1
DEBUG: respon.aksi = 
DEBUG: Jumlah anak = 1
DEBUG: respon.aksi = 
DEBUG: Jumlah anak = 1
DEBUG: respon.aksi = 
DEBUG: Jumlah anak = 1
DEBUG: respon.aksi = 
DEBUG: Jumlah anak = 1
DEBUG: respon.aksi = 
DEBUG: Jumlah anak = 1
DEBUG: respon.aksi = 
DEBUG: Jumlah anak = 1
DEBUG: respon.aksi = 
DEBUG: Jumlah anak = 1
DEBUG: respon.aksi = 
DEBUG: Jumlah anak = 1
DEBUG: respon.aksi = 
DEBUG: Jumlah anak = 1
DEBUG: respon.aksi = 
DEBUG: Jumlah anak = 1
DEBUG: respon.aksi = 
DEBUG: Jumlah anak = 1
DEBUG: respon.aksi = 
DEBUG: Jumlah anak = 1
DEBUG: respon.aksi = 
DEBUG: Jumlah anak = 1
DEBUG: respon.aksi = 
DEBUG: Jumlah anak = 1
DEBUG: respon.aksi = 
DEBUG: Jumlah anak = 1
DEBUG: respon.aksi = 
DEBUG: Jumlah anak = 1
DEBUG: respon.aksi = 
DEBUG: Jumlah anak = 1
DEBUG: respon.aksi = 
DEBUG: Jumlah anak = 1
DEBUG: respon.aksi = 
DEBUG: Jumlah anak = 1
DEBUG: respon.aksi = 
DEBUG: Jumlah anak = 1
DEBUG: respon.aksi = 
DEBUG: Jumlah anak = 1
DEBUG: respon.aksi = 
DEBUG: Jumlah anak = 1
DEBUG: respon.aksi = 
DEBUG: Jumlah anak = 1
DEBUG: respon.aksi = 
DEBUG: Jumlah anak = 1
DEBUG: respon.aksi = 
DEBUG: Jumlah anak = 1
DEBUG: respon.aksi = 
DEBUG: Jumlah anak = 1
DEBUG: respon.aksi = 
DEBUG: Jumlah anak = 1
DEBUG: respon.aksi = 
DEBUG: Jumlah anak = 1
DEBUG: respon.aksi = 
DEBUG: Jumlah anak = 1
DEBUG: respon.aksi = 
DEBUG: Jumlah anak = 1
DEBUG: respon.aksi = 
DEBUG: Jumlah anak = 1
DEBUG: respon.aksi = 
DEBUG: Jumlah anak = 1
DEBUG: respon.aksi = 
DEBUG: Jumlah anak = 1
DEBUG: respon.aksi = 
DEBUG: Jumlah anak = 1
DEBUG: respon.aksi = 
DEBUG: Jumlah anak = 1
DEBUG: respon.aksi = 
DEBUG: Jumlah anak = 1
DEBUG: respon.aksi = 
DEBUG: Jumlah anak = 1
DEBUG: respon.aksi = 
DEBUG: Jumlah anak = 1
DEBUG: respon.aksi = 
DEBUG: Jumlah anak = 1
DEBUG: respon.aksi = 
DEBUG: Jumlah anak = 1
DEBUG: respon.aksi = 
DEBUG: Jumlah anak = 1
DEBUG: respon.aksi = 
DEBUG: Jumlah anak = 1
DEBUG: respon.aksi = 
DEBUG: Jumlah anak = 1
DEBUG: respon.aksi = 
DEBUG: Jumlah anak = 1
DEBUG: respon.aksi = 
DEBUG: Jumlah anak = 1
DEBUG: respon.aksi = 
DEBUG: Jumlah anak = 1
DEBUG: respon.aksi = 
DEBUG: Jumlah anak = 1
DEBUG: respon.aksi = 
DEBUG: Jumlah anak = 1
DEBUG: respon.aksi = 
DEBUG: Jumlah anak = 1
DEBUG: respon.aksi = 
DEBUG: Jumlah anak = 1
DEBUG: respon.aksi = 
DEBUG: Jumlah anak = 1
DEBUG: respon.aksi = btn_masuk
DEBUG: Jumlah anak = 1
🚨 TOLAK: Nama tidak boleh kosong!
DEBUG: respon.aksi = 
DEBUG: Jumlah anak = 1
DEBUG: respon.aksi = 
DEBUG: Jumlah anak = 1
DEBUG: respon.aksi = 
DEBUG: Jumlah anak = 1
DEBUG: respon.aksi = 
DEBUG: Jumlah anak = 1
DEBUG: respon.aksi = 
DEBUG: Jumlah anak = 1
DEBUG: respon.aksi = 
DEBUG: Jumlah anak = 1
DEBUG: respon.aksi = 
DEBUG: Jumlah anak = 1
DEBUG: respon.aksi = 
DEBUG: Jumlah anak = 1
DEBUG: respon.aksi = 
DEBUG: Jumlah anak = 1
DEBUG: respon.aksi = 
DEBUG: Jumlah anak = 1
DEBUG: respon.aksi = 
DEBUG: Jumlah anak = 1
DEBUG: respon.aksi = 
DEBUG: Jumlah anak = 1
DEBUG: respon.aksi = 
DEBUG: Jumlah anak = 1
DEBUG: respon.aksi = 
DEBUG: Jumlah anak = 1
DEBUG: respon.aksi = 
DEBUG: Jumlah anak = 1
DEBUG: respon.aksi = 
DEBUG: Jumlah anak = 1
DEBUG: respon.aksi = 
DEBUG: Jumlah anak = 1
DEBUG: respon.aksi = 
DEBUG: Jumlah anak = 1
DEBUG: respon.aksi = 
DEBUG: Jumlah anak = 1
DEBUG: respon.aksi = 
DEBUG: Jumlah anak = 1
DEBUG: respon.aksi = 
DEBUG: Jumlah anak = 1
DEBUG: respon.aksi = 
DEBUG: Jumlah anak = 1
DEBUG: respon.aksi = 
DEBUG: Jumlah anak = 1
DEBUG: respon.aksi = 
DEBUG: Jumlah anak = 1
DEBUG: respon.aksi = 
DEBUG: Jumlah anak = 1
DEBUG: respon.aksi = 
DEBUG: Jumlah anak = 1
DEBUG: respon.aksi = 
DEBUG: Jumlah anak = 1
DEBUG: respon.aksi = 
DEBUG: Jumlah anak = 1
DEBUG: respon.aksi = 
DEBUG: Jumlah anak = 1
DEBUG: respon.aksi = 
DEBUG: Jumlah anak = 1
DEBUG: respon.aksi = 
DEBUG: Jumlah anak = 1
DEBUG: respon.aksi = 
DEBUG: Jumlah anak = 1
DEBUG: respon.aksi = 
DEBUG: Jumlah anak = 1
DEBUG: respon.aksi = 
DEBUG: Jumlah anak = 1
DEBUG: respon.aksi = 
DEBUG: Jumlah anak = 1
DEBUG: respon.aksi = 
DEBUG: Jumlah anak = 1
DEBUG: respon.aksi = 
DEBUG: Jumlah anak = 1
DEBUG: respon.aksi = btn_masuk
DEBUG: Jumlah anak = 1
🚨 TOLAK: Nama tidak boleh kosong!
DEBUG: respon.aksi = 
DEBUG: Jumlah anak = 1
DEBUG: respon.aksi = 
DEBUG: Jumlah anak = 1
DEBUG: respon.aksi = 
DEBUG: Jumlah anak = 1
DEBUG: respon.aksi = 
DEBUG: Jumlah anak = 1
DEBUG: respon.aksi = 
DEBUG: Jumlah anak = 1
DEBUG: respon.aksi = 
DEBUG: Jumlah anak = 1
DEBUG: respon.aksi = 
DEBUG: Jumlah anak = 1
DEBUG: respon.aksi = 
DEBUG: Jumlah anak = 1
DEBUG: respon.aksi = 
DEBUG: Jumlah anak = 1
DEBUG: respon.aksi = 
DEBUG: Jumlah anak = 1
DEBUG: respon.aksi = 
DEBUG: Jumlah anak = 1
DEBUG: respon.aksi = 
DEBUG: Jumlah anak = 1
DEBUG: respon.aksi = 
DEBUG: Jumlah anak = 1
DEBUG: respon.aksi = 
DEBUG: Jumlah anak = 1
DEBUG: respon.aksi = 
DEBUG: Jumlah anak = 1
DEBUG: respon.aksi = 
DEBUG: Jumlah anak = 1
DEBUG: respon.aksi = 
DEBUG: Jumlah anak = 1
DEBUG: respon.aksi = 
DEBUG: Jumlah anak = 1
DEBUG: respon.aksi = 
DEBUG: Jumlah anak = 1
DEBUG: respon.aksi = 
DEBUG: Jumlah anak = 1
DEBUG: respon.aksi = 
DEBUG: Jumlah anak = 1
DEBUG: respon.aksi = 
DEBUG: Jumlah anak = 1
DEBUG: respon.aksi = 
DEBUG: Jumlah anak = 1
DEBUG: respon.aksi = 
DEBUG: Jumlah anak = 1
DEBUG: respon.aksi = 
DEBUG: Jumlah anak = 1
DEBUG: respon.aksi = 
DEBUG: Jumlah anak = 1
DEBUG: respon.aksi = 
DEBUG: Jumlah anak = 1
DEBUG: respon.aksi = 
DEBUG: Jumlah anak = 1
DEBUG: respon.aksi = 
DEBUG: Jumlah anak = 1
DEBUG: respon.aksi = 
DEBUG: Jumlah anak = 1
DEBUG: respon.aksi = 
DEBUG: Jumlah anak = 1
DEBUG: respon.aksi = 
DEBUG: Jumlah anak = 1
DEBUG: respon.aksi = 
DEBUG: Jumlah anak = 1
DEBUG: respon.aksi = 
DEBUG: Jumlah anak = 1
DEBUG: respon.aksi = 
DEBUG: Jumlah anak = 1
DEBUG: respon.aksi = 
DEBUG: Jumlah anak = 1
DEBUG: respon.aksi = 
DEBUG: Jumlah anak = 1
DEBUG: respon.aksi = 
DEBUG: Jumlah anak = 1
DEBUG: respon.aksi = 
DEBUG: Jumlah anak = 1
DEBUG: respon.aksi = 
DEBUG: Jumlah anak = 1
DEBUG: respon.aksi = 
DEBUG: Jumlah anak = 1
DEBUG: respon.aksi = 
DEBUG: Jumlah anak = 1
DEBUG: respon.aksi = 
DEBUG: Jumlah anak = 1
DEBUG: respon.aksi = 
DEBUG: Jumlah anak = 1
DEBUG: respon.aksi = 
DEBUG: Jumlah anak = 1
DEBUG: respon.aksi = 
DEBUG: Jumlah anak = 1
DEBUG: respon.aksi = 
DEBUG: Jumlah anak = 1
DEBUG: respon.aksi = 
DEBUG: Jumlah anak = 1
DEBUG: respon.aksi = 
DEBUG: Jumlah anak = 1
DEBUG: respon.aksi = 
DEBUG: Jumlah anak = 1
DEBUG: respon.aksi = 
DEBUG: Jumlah anak = 1
DEBUG: respon.aksi = 
DEBUG: Jumlah anak = 1
DEBUG: respon.aksi = 
DEBUG: Jumlah anak = 1
DEBUG: respon.aksi = 
DEBUG: Jumlah anak = 1
DEBUG: respon.aksi = 
DEBUG: Jumlah anak = 1
DEBUG: respon.aksi = 
DEBUG: Jumlah anak = 1
DEBUG: respon.aksi = 
DEBUG: Jumlah anak = 1
DEBUG: respon.aksi = 
DEBUG: Jumlah anak = 1
DEBUG: respon.aksi = 
DEBUG: Jumlah anak = 1
DEBUG: respon.aksi = 
DEBUG: Jumlah anak = 1
DEBUG: respon.aksi = 
DEBUG: Jumlah anak = 1
DEBUG: respon.aksi = 
DEBUG: Jumlah anak = 1
DEBUG: respon.aksi = 
DEBUG: Jumlah anak = 1
DEBUG: respon.aksi = 
DEBUG: Jumlah anak = 1
DEBUG: respon.aksi = 
DEBUG: Jumlah anak = 1
DEBUG: respon.aksi = 
DEBUG: Jumlah anak = 1
DEBUG: respon.aksi = 
DEBUG: Jumlah anak = 1
DEBUG: respon.aksi = 
DEBUG: Jumlah anak = 1
DEBUG: respon.aksi = 
DEBUG: Jumlah anak = 1
DEBUG: respon.aksi = 
DEBUG: Jumlah anak = 1
DEBUG: respon.aksi = 
DEBUG: Jumlah anak = 1
DEBUG: respon.aksi = 
DEBUG: Jumlah anak = 1
DEBUG: respon.aksi = 
DEBUG: Jumlah anak = 1
DEBUG: respon.aksi = 
DEBUG: Jumlah anak = 1
DEBUG: respon.aksi = 
DEBUG: Jumlah anak = 1
DEBUG: respon.aksi = 
DEBUG: Jumlah anak = 1
DEBUG: respon.aksi = 
DEBUG: Jumlah anak = 1
DEBUG: respon.aksi = 
DEBUG: Jumlah anak = 1
DEBUG: respon.aksi = 
DEBUG: Jumlah anak = 1
DEBUG: respon.aksi = 
DEBUG: Jumlah anak = 1
DEBUG: respon.aksi = 
DEBUG: Jumlah anak = 1
DEBUG: respon.aksi = 
DEBUG: Jumlah anak = 1
DEBUG: respon.aksi = 
DEBUG: Jumlah anak = 1
DEBUG: respon.aksi = 
DEBUG: Jumlah anak = 1
DEBUG: respon.aksi = 
DEBUG: Jumlah anak = 1
DEBUG: respon.aksi = 
DEBUG: Jumlah anak = 1
DEBUG: respon.aksi = 
DEBUG: Jumlah anak = 1
DEBUG: respon.aksi = 
DEBUG: Jumlah anak = 1
DEBUG: respon.aksi = 
DEBUG: Jumlah anak = 1
DEBUG: respon.aksi = 
DEBUG: Jumlah anak = 1
DEBUG: respon.aksi = 
DEBUG: Jumlah anak = 1
DEBUG: respon.aksi = 
DEBUG: Jumlah anak = 1
DEBUG: respon.aksi = 
DEBUG: Jumlah anak = 1
DEBUG: respon.aksi = 
DEBUG: Jumlah anak = 1
DEBUG: respon.aksi = 
DEBUG: Jumlah anak = 1
INFO: TEXTURE: [ID 2] Unloaded texture data from VRAM (GPU)
INFO: SHADER: [ID 3] Default shader unloaded successfully
INFO: TEXTURE: [ID 1] Default texture unloaded successfully
INFO: Window closed successfully
DEBUG: respon.aksi = TUTUP_PAKSA
DEBUG: Jumlah anak = 1
Jendela ditutup. Membebaskan dimensi...
